  [1m[36m (1.0ms)[0m  [1mCREATE TABLE "artists" ("id" INTEGER PRIMARY KEY AUTOINCREMENT NOT NULL, "name" varchar(255), "created_at" datetime, "updated_at" datetime) [0m
  [1m[35m (1.0ms)[0m  CREATE TABLE "songs" ("id" INTEGER PRIMARY KEY AUTOINCREMENT NOT NULL, "name" varchar(255), "created_at" datetime, "updated_at" datetime, "artist_id" integer) 
  [1m[36m (0.8ms)[0m  [1mCREATE INDEX "index_songs_on_artist_id" ON "songs" ("artist_id")[0m
  [1m[35m (0.9ms)[0m  CREATE TABLE "schema_migrations" ("version" varchar(255) NOT NULL) 
  [1m[36m (1.0ms)[0m  [1mCREATE UNIQUE INDEX "unique_schema_migrations" ON "schema_migrations" ("version")[0m
  [1m[35m (0.1ms)[0m  SELECT version FROM "schema_migrations"
  [1m[36m (0.9ms)[0m  [1mINSERT INTO "schema_migrations" (version) VALUES ('20131105200820')[0m
  [1m[35m (0.9ms)[0m  INSERT INTO "schema_migrations" (version) VALUES ('20131105194445')
  [1m[36m (1.1ms)[0m  [1mINSERT INTO "schema_migrations" (version) VALUES ('20131105200546')[0m
  [1m[36m (7.9ms)[0m  [1mCREATE TABLE "artists" ("id" INTEGER PRIMARY KEY AUTOINCREMENT NOT NULL, "name" varchar(255), "created_at" datetime, "updated_at" datetime) [0m
  [1m[35m (0.9ms)[0m  CREATE TABLE "songs" ("id" INTEGER PRIMARY KEY AUTOINCREMENT NOT NULL, "name" varchar(255), "created_at" datetime, "updated_at" datetime, "artist_id" integer) 
  [1m[36m (1.0ms)[0m  [1mCREATE INDEX "index_songs_on_artist_id" ON "songs" ("artist_id")[0m
  [1m[35m (1.2ms)[0m  CREATE TABLE "schema_migrations" ("version" varchar(255) NOT NULL) 
  [1m[36m (1.4ms)[0m  [1mCREATE UNIQUE INDEX "unique_schema_migrations" ON "schema_migrations" ("version")[0m
  [1m[35m (0.4ms)[0m  SELECT version FROM "schema_migrations"
  [1m[36m (1.1ms)[0m  [1mINSERT INTO "schema_migrations" (version) VALUES ('20131105200820')[0m
  [1m[35m (0.9ms)[0m  INSERT INTO "schema_migrations" (version) VALUES ('20131105194445')
  [1m[36m (1.1ms)[0m  [1mINSERT INTO "schema_migrations" (version) VALUES ('20131105200546')[0m


Started GET "/" for 127.0.0.1 at 2013-11-05 15:53:18 -0500

ActiveRecord::PendingMigrationError - Migrations are pending; run 'rake db:migrate RAILS_ENV=development' to resolve this issue.:
  activerecord (4.0.0) lib/active_record/migration.rb:379:in `check_pending!'
  activerecord (4.0.0) lib/active_record/migration.rb:366:in `call'
  actionpack (4.0.0) lib/action_dispatch/middleware/callbacks.rb:29:in `block in call'
  activesupport (4.0.0) lib/active_support/callbacks.rb:373:in `_run__3826017512382593445__call__callbacks'
  activesupport (4.0.0) lib/active_support/callbacks.rb:80:in `run_callbacks'
  actionpack (4.0.0) lib/action_dispatch/middleware/callbacks.rb:27:in `call'
  actionpack (4.0.0) lib/action_dispatch/middleware/reloader.rb:64:in `call'
  actionpack (4.0.0) lib/action_dispatch/middleware/remote_ip.rb:76:in `call'
  better_errors (1.0.1) lib/better_errors/middleware.rb:84:in `protected_app_call'
  better_errors (1.0.1) lib/better_errors/middleware.rb:79:in `better_errors_call'
  better_errors (1.0.1) lib/better_errors/middleware.rb:56:in `call'
  actionpack (4.0.0) lib/action_dispatch/middleware/debug_exceptions.rb:17:in `call'
  actionpack (4.0.0) lib/action_dispatch/middleware/show_exceptions.rb:30:in `call'
  railties (4.0.0) lib/rails/rack/logger.rb:38:in `call_app'
  railties (4.0.0) lib/rails/rack/logger.rb:21:in `block in call'
  activesupport (4.0.0) lib/active_support/tagged_logging.rb:67:in `block in tagged'
  activesupport (4.0.0) lib/active_support/tagged_logging.rb:25:in `tagged'
  activesupport (4.0.0) lib/active_support/tagged_logging.rb:67:in `tagged'
  railties (4.0.0) lib/rails/rack/logger.rb:21:in `call'
  actionpack (4.0.0) lib/action_dispatch/middleware/request_id.rb:21:in `call'
  rack (1.5.2) lib/rack/methodoverride.rb:21:in `call'
  rack (1.5.2) lib/rack/runtime.rb:17:in `call'
  activesupport (4.0.0) lib/active_support/cache/strategy/local_cache.rb:83:in `call'
  rack (1.5.2) lib/rack/lock.rb:17:in `call'
  actionpack (4.0.0) lib/action_dispatch/middleware/static.rb:64:in `call'
  railties (4.0.0) lib/rails/engine.rb:511:in `call'
  railties (4.0.0) lib/rails/application.rb:97:in `call'
  rack (1.5.2) lib/rack/lock.rb:17:in `call'
  rack (1.5.2) lib/rack/content_length.rb:14:in `call'
  rack (1.5.2) lib/rack/handler/webrick.rb:60:in `service'
  /Users/ivan/.rvm/rubies/ruby-2.0.0-p247/lib/ruby/2.0.0/webrick/httpserver.rb:138:in `service'
  /Users/ivan/.rvm/rubies/ruby-2.0.0-p247/lib/ruby/2.0.0/webrick/httpserver.rb:94:in `run'
  /Users/ivan/.rvm/rubies/ruby-2.0.0-p247/lib/ruby/2.0.0/webrick/server.rb:295:in `block in start_thread'



Started POST "/__better_errors/70175436903400/variables" for 127.0.0.1 at 2013-11-05 15:53:18 -0500
  [1m[36m (7.9ms)[0m  [1mCREATE TABLE "artists" ("id" INTEGER PRIMARY KEY AUTOINCREMENT NOT NULL, "name" varchar(255), "created_at" datetime, "updated_at" datetime) [0m
  [1m[35m (1.4ms)[0m  CREATE TABLE "songs" ("id" INTEGER PRIMARY KEY AUTOINCREMENT NOT NULL, "name" varchar(255), "created_at" datetime, "updated_at" datetime, "artist_id" integer) 
  [1m[36m (1.4ms)[0m  [1mCREATE INDEX "index_songs_on_artist_id" ON "songs" ("artist_id")[0m
  [1m[35m (1.1ms)[0m  CREATE TABLE "schema_migrations" ("version" varchar(255) NOT NULL) 
  [1m[36m (0.9ms)[0m  [1mCREATE UNIQUE INDEX "unique_schema_migrations" ON "schema_migrations" ("version")[0m
  [1m[35m (0.1ms)[0m  SELECT version FROM "schema_migrations"
  [1m[36m (0.9ms)[0m  [1mINSERT INTO "schema_migrations" (version) VALUES ('20131105200820')[0m
  [1m[35m (1.0ms)[0m  INSERT INTO "schema_migrations" (version) VALUES ('20131105194445')
  [1m[36m (1.1ms)[0m  [1mINSERT INTO "schema_migrations" (version) VALUES ('20131105200546')[0m


Started GET "/" for 127.0.0.1 at 2013-11-05 15:53:39 -0500

ActiveRecord::PendingMigrationError - Migrations are pending; run 'rake db:migrate RAILS_ENV=development' to resolve this issue.:
  activerecord (4.0.0) lib/active_record/migration.rb:379:in `check_pending!'
  activerecord (4.0.0) lib/active_record/migration.rb:366:in `call'
  actionpack (4.0.0) lib/action_dispatch/middleware/callbacks.rb:29:in `block in call'
  activesupport (4.0.0) lib/active_support/callbacks.rb:373:in `_run__3826017512382593445__call__callbacks'
  activesupport (4.0.0) lib/active_support/callbacks.rb:80:in `run_callbacks'
  actionpack (4.0.0) lib/action_dispatch/middleware/callbacks.rb:27:in `call'
  actionpack (4.0.0) lib/action_dispatch/middleware/reloader.rb:64:in `call'
  actionpack (4.0.0) lib/action_dispatch/middleware/remote_ip.rb:76:in `call'
  better_errors (1.0.1) lib/better_errors/middleware.rb:84:in `protected_app_call'
  better_errors (1.0.1) lib/better_errors/middleware.rb:79:in `better_errors_call'
  better_errors (1.0.1) lib/better_errors/middleware.rb:56:in `call'
  actionpack (4.0.0) lib/action_dispatch/middleware/debug_exceptions.rb:17:in `call'
  actionpack (4.0.0) lib/action_dispatch/middleware/show_exceptions.rb:30:in `call'
  railties (4.0.0) lib/rails/rack/logger.rb:38:in `call_app'
  railties (4.0.0) lib/rails/rack/logger.rb:21:in `block in call'
  activesupport (4.0.0) lib/active_support/tagged_logging.rb:67:in `block in tagged'
  activesupport (4.0.0) lib/active_support/tagged_logging.rb:25:in `tagged'
  activesupport (4.0.0) lib/active_support/tagged_logging.rb:67:in `tagged'
  railties (4.0.0) lib/rails/rack/logger.rb:21:in `call'
  actionpack (4.0.0) lib/action_dispatch/middleware/request_id.rb:21:in `call'
  rack (1.5.2) lib/rack/methodoverride.rb:21:in `call'
  rack (1.5.2) lib/rack/runtime.rb:17:in `call'
  activesupport (4.0.0) lib/active_support/cache/strategy/local_cache.rb:83:in `call'
  rack (1.5.2) lib/rack/lock.rb:17:in `call'
  actionpack (4.0.0) lib/action_dispatch/middleware/static.rb:64:in `call'
  railties (4.0.0) lib/rails/engine.rb:511:in `call'
  railties (4.0.0) lib/rails/application.rb:97:in `call'
  rack (1.5.2) lib/rack/lock.rb:17:in `call'
  rack (1.5.2) lib/rack/content_length.rb:14:in `call'
  rack (1.5.2) lib/rack/handler/webrick.rb:60:in `service'
  /Users/ivan/.rvm/rubies/ruby-2.0.0-p247/lib/ruby/2.0.0/webrick/httpserver.rb:138:in `service'
  /Users/ivan/.rvm/rubies/ruby-2.0.0-p247/lib/ruby/2.0.0/webrick/httpserver.rb:94:in `run'
  /Users/ivan/.rvm/rubies/ruby-2.0.0-p247/lib/ruby/2.0.0/webrick/server.rb:295:in `block in start_thread'



Started POST "/__better_errors/70175422690680/variables" for 127.0.0.1 at 2013-11-05 15:53:39 -0500
  [1m[36m (7.9ms)[0m  [1mCREATE TABLE "schema_migrations" ("version" varchar(255) NOT NULL) [0m
  [1m[35m (1.3ms)[0m  CREATE UNIQUE INDEX "unique_schema_migrations" ON "schema_migrations" ("version")
  [1m[36mActiveRecord::SchemaMigration Load (0.3ms)[0m  [1mSELECT "schema_migrations".* FROM "schema_migrations"[0m
Migrating to CreateSongs (20131105194445)
  [1m[35m (0.1ms)[0m  begin transaction
  [1m[36m (0.4ms)[0m  [1mCREATE TABLE "songs" ("id" INTEGER PRIMARY KEY AUTOINCREMENT NOT NULL, "name" varchar(255), "created_at" datetime, "updated_at" datetime) [0m
  [1m[35mSQL (0.1ms)[0m  INSERT INTO "schema_migrations" ("version") VALUES (?)  [["version", "20131105194445"]]
  [1m[36m (1.0ms)[0m  [1mcommit transaction[0m
Migrating to CreateArtists (20131105200546)
  [1m[35m (0.1ms)[0m  begin transaction
  [1m[36m (0.6ms)[0m  [1mCREATE TABLE "artists" ("id" INTEGER PRIMARY KEY AUTOINCREMENT NOT NULL, "name" varchar(255), "created_at" datetime, "updated_at" datetime) [0m
  [1m[35mSQL (0.2ms)[0m  INSERT INTO "schema_migrations" ("version") VALUES (?)  [["version", "20131105200546"]]
  [1m[36m (0.9ms)[0m  [1mcommit transaction[0m
Migrating to AddArtistIdToSongs (20131105200820)
  [1m[35m (0.1ms)[0m  begin transaction
  [1m[36m (0.4ms)[0m  [1mALTER TABLE "songs" ADD "artist_id" integer[0m
  [1m[35m (0.2ms)[0m  CREATE INDEX "index_songs_on_artist_id" ON "songs" ("artist_id")
  [1m[36mSQL (0.1ms)[0m  [1mINSERT INTO "schema_migrations" ("version") VALUES (?)[0m  [["version", "20131105200820"]]
  [1m[35m (0.7ms)[0m  commit transaction
  [1m[36mActiveRecord::SchemaMigration Load (0.1ms)[0m  [1mSELECT "schema_migrations".* FROM "schema_migrations"[0m


Started GET "/" for 127.0.0.1 at 2013-11-05 15:53:51 -0500
  [1m[36mActiveRecord::SchemaMigration Load (0.1ms)[0m  [1mSELECT "schema_migrations".* FROM "schema_migrations"[0m
Processing by Rails::WelcomeController#index as HTML
  Rendered /Users/ivan/.rvm/gems/ruby-2.0.0-p247/gems/railties-4.0.0/lib/rails/templates/rails/welcome/index.html.erb (2.2ms)
Completed 200 OK in 25ms (Views: 7.5ms | ActiveRecord: 0.0ms)


Started GET "/songs" for 127.0.0.1 at 2013-11-05 15:54:13 -0500
Processing by SongsController#index as HTML
  [1m[35mSong Load (0.2ms)[0m  SELECT "songs".* FROM "songs"
  Rendered songs/index.html.erb within layouts/application (1.8ms)
Completed 200 OK in 872ms (Views: 866.8ms | ActiveRecord: 0.2ms)


Started GET "/assets/artists.css?body=1" for 127.0.0.1 at 2013-11-05 15:54:14 -0500


Started GET "/assets/songs.css?body=1" for 127.0.0.1 at 2013-11-05 15:54:14 -0500


Started GET "/assets/artists.js?body=1" for 127.0.0.1 at 2013-11-05 15:54:14 -0500


Started GET "/assets/application.css?body=1" for 127.0.0.1 at 2013-11-05 15:54:14 -0500


Started GET "/assets/songs.js?body=1" for 127.0.0.1 at 2013-11-05 15:54:14 -0500


Started GET "/assets/scaffolds.css?body=1" for 127.0.0.1 at 2013-11-05 15:54:14 -0500


Started GET "/assets/jquery.js?body=1" for 127.0.0.1 at 2013-11-05 15:54:14 -0500


Started GET "/assets/jquery_ujs.js?body=1" for 127.0.0.1 at 2013-11-05 15:54:14 -0500


Started GET "/assets/turbolinks.js?body=1" for 127.0.0.1 at 2013-11-05 15:54:14 -0500


Started GET "/assets/application.js?body=1" for 127.0.0.1 at 2013-11-05 15:54:14 -0500


Started GET "/songs/new" for 127.0.0.1 at 2013-11-05 15:54:17 -0500
Processing by SongsController#new as HTML
  Rendered songs/_form.html.erb (63.7ms)
  Rendered songs/new.html.erb within layouts/application (66.9ms)
Completed 200 OK in 73ms (Views: 70.9ms | ActiveRecord: 0.3ms)


Started POST "/songs" for 127.0.0.1 at 2013-11-05 15:54:27 -0500
Processing by SongsController#create as HTML
  Parameters: {"utf8"=>"✓", "authenticity_token"=>"Z8odJwqj/djZUtoo4gdM290PnMFwWcPJqe0lgqUnS6s=", "song"=>{"name"=>"High Speed Dirt", "artist_name"=>"Megadeth"}, "commit"=>"Create Song"}
Unpermitted parameters: artist_name
  [1m[36m (0.1ms)[0m  [1mbegin transaction[0m
  [1m[35mSQL (4.4ms)[0m  INSERT INTO "songs" ("created_at", "name", "updated_at") VALUES (?, ?, ?)  [["created_at", Tue, 05 Nov 2013 20:54:27 UTC +00:00], ["name", "High Speed Dirt"], ["updated_at", Tue, 05 Nov 2013 20:54:27 UTC +00:00]]
  [1m[36m (0.8ms)[0m  [1mcommit transaction[0m
Redirected to http://localhost:3000/songs/1
Completed 302 Found in 12ms (ActiveRecord: 5.3ms)


Started GET "/songs/1" for 127.0.0.1 at 2013-11-05 15:54:27 -0500
Processing by SongsController#show as HTML
  Parameters: {"id"=>"1"}
  [1m[35mSong Load (0.2ms)[0m  SELECT "songs".* FROM "songs" WHERE "songs"."id" = ? LIMIT 1  [["id", "1"]]
  Rendered songs/show.html.erb within layouts/application (4.1ms)
Completed 200 OK in 11ms (Views: 8.5ms | ActiveRecord: 0.2ms)


Started GET "/assets/scaffolds.css?body=1" for 127.0.0.1 at 2013-11-05 15:54:27 -0500


Started GET "/assets/application.css?body=1" for 127.0.0.1 at 2013-11-05 15:54:27 -0500


Started GET "/assets/jquery_ujs.js?body=1" for 127.0.0.1 at 2013-11-05 15:54:27 -0500


Started GET "/assets/turbolinks.js?body=1" for 127.0.0.1 at 2013-11-05 15:54:27 -0500


Started GET "/assets/jquery.js?body=1" for 127.0.0.1 at 2013-11-05 15:54:27 -0500


Started GET "/assets/application.js?body=1" for 127.0.0.1 at 2013-11-05 15:54:27 -0500
  [1m[36mSong Load (1.1ms)[0m  [1mSELECT "songs".* FROM "songs"[0m
  [1m[35mSong Load (0.3ms)[0m  SELECT "songs".* FROM "songs" ORDER BY "songs"."id" ASC LIMIT 1
  [1m[36mSong Load (0.2ms)[0m  [1mSELECT "songs".* FROM "songs" ORDER BY "songs"."id" ASC LIMIT 1[0m


Started GET "/songs" for 127.0.0.1 at 2013-11-05 16:00:39 -0500
Processing by SongsController#index as HTML
  [1m[36mSong Load (0.4ms)[0m  [1mSELECT "songs".* FROM "songs"[0m
  Rendered songs/index.html.erb within layouts/application (10.9ms)
Completed 200 OK in 18ms (Views: 14.3ms | ActiveRecord: 0.6ms)


Started GET "/songs/1/edit" for 127.0.0.1 at 2013-11-05 16:00:41 -0500
Processing by SongsController#edit as HTML
  Parameters: {"id"=>"1"}
  [1m[35mSong Load (0.2ms)[0m  SELECT "songs".* FROM "songs" WHERE "songs"."id" = ? LIMIT 1  [["id", "1"]]
  Rendered songs/_form.html.erb (2.4ms)
  Rendered songs/edit.html.erb within layouts/application (4.0ms)
Completed 200 OK in 11ms (Views: 9.2ms | ActiveRecord: 0.2ms)


Started PATCH "/songs/1" for 127.0.0.1 at 2013-11-05 16:00:46 -0500
Processing by SongsController#update as HTML
  Parameters: {"utf8"=>"✓", "authenticity_token"=>"Z8odJwqj/djZUtoo4gdM290PnMFwWcPJqe0lgqUnS6s=", "song"=>{"name"=>"High Speed Dirt", "artist_name"=>"Megadeth"}, "commit"=>"Update Song", "id"=>"1"}
  [1m[36mSong Load (0.2ms)[0m  [1mSELECT "songs".* FROM "songs" WHERE "songs"."id" = ? LIMIT 1[0m  [["id", "1"]]
Unpermitted parameters: artist_name
  [1m[35m (0.1ms)[0m  begin transaction
  [1m[36m (0.1ms)[0m  [1mcommit transaction[0m
Redirected to http://localhost:3000/songs/1
Completed 302 Found in 5ms (ActiveRecord: 0.3ms)


Started GET "/songs/1" for 127.0.0.1 at 2013-11-05 16:00:46 -0500
Processing by SongsController#show as HTML
  Parameters: {"id"=>"1"}
  [1m[35mSong Load (0.2ms)[0m  SELECT "songs".* FROM "songs" WHERE "songs"."id" = ? LIMIT 1  [["id", "1"]]
  Rendered songs/show.html.erb within layouts/application (0.6ms)
Completed 200 OK in 7ms (Views: 5.4ms | ActiveRecord: 0.2ms)


Started GET "/assets/application.css?body=1" for 127.0.0.1 at 2013-11-05 16:00:46 -0500


Started GET "/assets/scaffolds.css?body=1" for 127.0.0.1 at 2013-11-05 16:00:46 -0500


Started GET "/assets/jquery.js?body=1" for 127.0.0.1 at 2013-11-05 16:00:46 -0500


Started GET "/assets/artists.css?body=1" for 127.0.0.1 at 2013-11-05 16:00:46 -0500


Started GET "/assets/jquery_ujs.js?body=1" for 127.0.0.1 at 2013-11-05 16:00:46 -0500


Started GET "/assets/turbolinks.js?body=1" for 127.0.0.1 at 2013-11-05 16:00:46 -0500


Started GET "/assets/artists.js?body=1" for 127.0.0.1 at 2013-11-05 16:00:46 -0500


Started GET "/assets/application.js?body=1" for 127.0.0.1 at 2013-11-05 16:00:46 -0500


Started GET "/songs" for 127.0.0.1 at 2013-11-05 16:00:51 -0500
Processing by SongsController#index as HTML
  [1m[36mSong Load (0.1ms)[0m  [1mSELECT "songs".* FROM "songs"[0m
  Rendered songs/index.html.erb within layouts/application (1.1ms)
Completed 200 OK in 6ms (Views: 5.2ms | ActiveRecord: 0.1ms)


Started GET "/songs/1/edit" for 127.0.0.1 at 2013-11-05 16:01:05 -0500
Processing by SongsController#edit as HTML
  Parameters: {"id"=>"1"}
  [1m[35mSong Load (0.1ms)[0m  SELECT "songs".* FROM "songs" WHERE "songs"."id" = ? LIMIT 1  [["id", "1"]]
  Rendered songs/_form.html.erb (2.2ms)
  Rendered songs/edit.html.erb within layouts/application (3.1ms)
Completed 200 OK in 18ms (Views: 6.7ms | ActiveRecord: 0.4ms)


Started PATCH "/songs/1" for 127.0.0.1 at 2013-11-05 16:01:08 -0500
Processing by SongsController#update as HTML
  Parameters: {"utf8"=>"✓", "authenticity_token"=>"Z8odJwqj/djZUtoo4gdM290PnMFwWcPJqe0lgqUnS6s=", "song"=>{"name"=>"High Speed Dirt", "artist_name"=>"Megadeth"}, "commit"=>"Update Song", "id"=>"1"}
  [1m[36mSong Load (0.2ms)[0m  [1mSELECT "songs".* FROM "songs" WHERE "songs"."id" = ? LIMIT 1[0m  [["id", "1"]]
  [1m[35m (0.1ms)[0m  begin transaction
  [1m[36mArtist Load (0.1ms)[0m  [1mSELECT "artists".* FROM "artists" WHERE "artists"."name" = 'Megadeth' LIMIT 1[0m
  [1m[35mSQL (0.4ms)[0m  INSERT INTO "artists" ("created_at", "name", "updated_at") VALUES (?, ?, ?)  [["created_at", Tue, 05 Nov 2013 21:01:08 UTC +00:00], ["name", "Megadeth"], ["updated_at", Tue, 05 Nov 2013 21:01:08 UTC +00:00]]
  [1m[36mSQL (0.3ms)[0m  [1mUPDATE "songs" SET "artist_id" = ?, "updated_at" = ? WHERE "songs"."id" = 1[0m  [["artist_id", 1], ["updated_at", Tue, 05 Nov 2013 21:01:08 UTC +00:00]]
  [1m[35m (1.0ms)[0m  commit transaction
Redirected to http://localhost:3000/songs/1
Completed 302 Found in 30ms (ActiveRecord: 2.4ms)


Started GET "/songs/1" for 127.0.0.1 at 2013-11-05 16:01:08 -0500
Processing by SongsController#show as HTML
  Parameters: {"id"=>"1"}
  [1m[36mSong Load (0.1ms)[0m  [1mSELECT "songs".* FROM "songs" WHERE "songs"."id" = ? LIMIT 1[0m  [["id", "1"]]
  [1m[35mArtist Load (0.2ms)[0m  SELECT "artists".* FROM "artists" WHERE "artists"."id" = ? ORDER BY "artists"."id" ASC LIMIT 1  [["id", 1]]
  Rendered songs/show.html.erb within layouts/application (8.9ms)
Completed 200 OK in 14ms (Views: 12.8ms | ActiveRecord: 0.4ms)


Started GET "/assets/artists.css?body=1" for 127.0.0.1 at 2013-11-05 16:01:08 -0500


Started GET "/assets/application.css?body=1" for 127.0.0.1 at 2013-11-05 16:01:08 -0500


Started GET "/assets/turbolinks.js?body=1" for 127.0.0.1 at 2013-11-05 16:01:08 -0500


Started GET "/assets/jquery_ujs.js?body=1" for 127.0.0.1 at 2013-11-05 16:01:08 -0500


Started GET "/assets/jquery.js?body=1" for 127.0.0.1 at 2013-11-05 16:01:08 -0500


Started GET "/assets/scaffolds.css?body=1" for 127.0.0.1 at 2013-11-05 16:01:08 -0500


Started GET "/assets/artists.js?body=1" for 127.0.0.1 at 2013-11-05 16:01:08 -0500


Started GET "/assets/application.js?body=1" for 127.0.0.1 at 2013-11-05 16:01:08 -0500


Started GET "/songs/1" for 127.0.0.1 at 2013-11-05 16:01:33 -0500
Processing by SongsController#show as HTML
  Parameters: {"id"=>"1"}
  [1m[36mSong Load (0.2ms)[0m  [1mSELECT "songs".* FROM "songs" WHERE "songs"."id" = ? LIMIT 1[0m  [["id", "1"]]
  [1m[35mArtist Load (0.1ms)[0m  SELECT "artists".* FROM "artists" WHERE "artists"."id" = ? ORDER BY "artists"."id" ASC LIMIT 1  [["id", 1]]
  Rendered songs/show.html.erb within layouts/application (2.2ms)
Completed 200 OK in 9ms (Views: 6.6ms | ActiveRecord: 0.3ms)


Started GET "/assets/application.css?body=1" for 127.0.0.1 at 2013-11-05 16:01:33 -0500


Started GET "/assets/artists.css?body=1" for 127.0.0.1 at 2013-11-05 16:01:33 -0500


Started GET "/assets/scaffolds.css?body=1" for 127.0.0.1 at 2013-11-05 16:01:33 -0500


Started GET "/assets/jquery.js?body=1" for 127.0.0.1 at 2013-11-05 16:01:33 -0500


Started GET "/assets/songs.css?body=1" for 127.0.0.1 at 2013-11-05 16:01:34 -0500


Started GET "/assets/jquery_ujs.js?body=1" for 127.0.0.1 at 2013-11-05 16:01:34 -0500


Started GET "/assets/turbolinks.js?body=1" for 127.0.0.1 at 2013-11-05 16:01:34 -0500


Started GET "/assets/artists.js?body=1" for 127.0.0.1 at 2013-11-05 16:01:34 -0500


Started GET "/assets/songs.js?body=1" for 127.0.0.1 at 2013-11-05 16:01:34 -0500


Started GET "/assets/application.js?body=1" for 127.0.0.1 at 2013-11-05 16:01:34 -0500
